2026-06-30T08:15:16 [gamr.hardware       ] INFO    Hardware scan complete — GPU: NVIDIA GeForce RTX 3050 6GB Laptop GPU | CUDA: True | VRAM: 6.0 GB | RAM: 15.3 GB
2026-06-30T08:15:16 [gamr.hal.cuda       ] INFO    CUDABackend ready: NVIDIA GeForce RTX 3050 6GB Laptop GPU | VRAM 6.0 GB
2026-06-30T08:15:16 [gamr.pool           ] INFO    RAMPool: budget=2.28 GB
2026-06-30T08:15:16 [gamr.pool           ] INFO    VRAMPool: budget=4.52 GB
2026-06-30T08:15:16 [gamr.runtime        ] INFO    === FIFO baseline ===
2026-06-30T08:15:16 [gamr.controller     ] INFO    Loading model to CPU RAM (SSD → RAM step)...
2026-06-30T08:15:17 [gamr.controller     ] INFO    Model loaded to CPU in 0.9s
2026-06-30T08:15:17 [gamr.controller     ] INFO    Streaming inference: 22 layers, device=cuda:0
2026-06-30T08:15:25 [gamr.controller     ] INFO    Generation complete in 7.75s | 42 tokens
2026-06-30T08:15:25 [gamr.controller     ] INFO    Peak VRAM used: 0.338 GB
2026-06-30T08:15:25 [gamr.runtime        ] INFO    === StaticPrefetch depth=1 ===
2026-06-30T08:15:25 [gamr.controller     ] INFO    Loading model to CPU RAM (SSD → RAM step)...
2026-06-30T08:15:25 [gamr.controller     ] INFO    Model loaded to CPU in 0.7s
2026-06-30T08:15:25 [gamr.controller     ] INFO    Prefetch inference: 22 layers, depth=1, device=cuda:0
2026-06-30T08:15:32 [gamr.controller     ] INFO    Prefetch generation done in 6.44s | 42 tokens
2026-06-30T08:15:32 [gamr.controller     ] INFO    Peak VRAM used: 0.420 GB
2026-06-30T08:15:32 [gamr.runtime        ] INFO    === Validating vs HF reference ===
2026-06-30T08:15:32 [gamr.validation     ] INFO    Running HF reference inference (full model on GPU)...
2026-06-30T08:15:33 [gamr.validation     ] INFO    Reference done in 0.98s → 42 tokens
2026-06-30T08:15:33 [gamr.validation     ] INFO    Validation: ✅ PASS
  Prompt         : '<|system|>\nYou are a helpful assistant.<|user|>\nWhat is 2 + 2?<|assistant|>\n'
  Reference time : 0.98s
  GAMR time      : 6.44s
